<?xml version="1.0" encoding="UTF-8"?>
<!-- Generated by org.testng.reporters.JUnitReportReporter -->
<testsuite skipped="0" hostname="ITP-WKS0173" name="com.test.DryRun" tests="3" failures="0" timestamp="29 Aug 2019 04:48:35 GMT" time="5.105" errors="0">
  <testcase name="createEmployee" time="3.271" classname="com.test.DryRun"/>
  <testcase name="updateEmployee" time="0.895" classname="com.test.DryRun"/>
  <testcase name="deleteEmployee" time="0.939" classname="com.test.DryRun"/>
</testsuite> <!-- com.test.DryRun -->
