<?xml version="1.0" encoding="UTF-8"?>
<!-- Generated by org.testng.reporters.JUnitReportReporter -->
<testsuite hostname="ITP-WKS0173" name="com.test.SampleProject" tests="6" failures="0" timestamp="29 Jul 2019 09:49:16 GMT" time="10.645" errors="0">
  <testcase name="updateEmployee" time="0.842" classname="com.test.SampleProject"/>
  <testcase name="createIssue" time="2.671" classname="com.test.SampleProject"/>
  <testcase name="createEmployee" time="1.060" classname="com.test.SampleProject"/>
  <testcase name="mailsend" time="5.154" classname="com.test.SampleProject"/>
  <testcase name="deleteEmployee" time="0.821" classname="com.test.SampleProject"/>
  <testcase name="postTestExecution" time="0.097" classname="com.test.SampleProject"/>
</testsuite> <!-- com.test.SampleProject -->
