<?xml version="1.0" encoding="UTF-8"?>
<!-- Generated by org.testng.reporters.JUnitReportReporter -->
<testsuite skipped="0" hostname="ITP-WKS0173" name="com.test.FullRun" tests="5" failures="0" timestamp="29 Aug 2019 09:01:21 GMT" time="6.683" errors="0">
  <testcase name="createIssue" time="2.966" classname="com.test.FullRun"/>
  <testcase name="postTestExecution" time="0.141" classname="com.test.FullRun"/>
  <testcase name="createEmployee" time="1.699" classname="com.test.FullRun"/>
  <testcase name="updateEmployee" time="0.978" classname="com.test.FullRun"/>
  <testcase name="deleteEmployee" time="0.899" classname="com.test.FullRun"/>
</testsuite> <!-- com.test.FullRun -->
