<?xml version="1.0" encoding="UTF-8"?>
<!-- Generated by org.testng.reporters.JUnitReportReporter -->
<testsuite skipped="0" hostname="ITP-WKS0173" name="com.test.Run" tests="5" failures="0" timestamp="29 Aug 2019 04:49:23 GMT" time="6.689" errors="0">
  <testcase name="createIssue" time="3.575" classname="com.test.Run"/>
  <testcase name="postTestExecution" time="0.124" classname="com.test.Run"/>
  <testcase name="createEmployee" time="1.107" classname="com.test.Run"/>
  <testcase name="updateEmployee" time="0.923" classname="com.test.Run"/>
  <testcase name="deleteEmployee" time="0.960" classname="com.test.Run"/>
</testsuite> <!-- com.test.Run -->
